# JRE version: Java(TM) SE Runtime Environment (7.0_75-b13) (build 1.7.0_75-b13)
# Java VM: Java HotSpot(TM) 64-Bit Server VM (24.75-b04 mixed mode linux-amd64 compressed oops)
Heap
 PSYoungGen      total 31744K, used 24212K [0x00000000d7d00000, 0x00000000da080000, 0x0000000100000000)
  eden space 30208K, 75% used [0x00000000d7d00000,0x00000000d9355080,0x00000000d9a80000)
  from space 1536K, 87% used [0x00000000d9f00000,0x00000000da050020,0x00000000da080000)
  to   space 2048K, 0% used [0x00000000d9c80000,0x00000000d9c80000,0x00000000d9e80000)
 ParOldGen       total 81920K, used 40K [0x0000000087800000, 0x000000008c800000, 0x00000000d7d00000)
  object space 81920K, 0% used [0x0000000087800000,0x000000008780a000,0x000000008c800000)
 PSPermGen       total 21504K, used 7408K [0x0000000082600000, 0x0000000083b00000, 0x0000000087800000)
  object space 21504K, 34% used [0x0000000082600000,0x0000000082d3c230,0x0000000083b00000)
GC Heap History (10 events):
Event: 6.205 GC heap before
{Heap before GC invocations=2 (full 0):
 PSYoungGen      total 36352K, used 31720K [0x00000000d7d00000, 0x00000000da580000, 0x0000000100000000)
  eden space 31232K, 100% used [0x00000000d7d00000,0x00000000d9b80000,0x00000000d9b80000)
  from space 5120K, 9% used [0x00000000d9b80000,0x00000000d9bfa0a8,0x00000000da080000)
  to   space 5120K, 0% used [0x00000000da080000,0x00000000da080000,0x00000000da580000)
 ParOldGen       total 81920K, used 0K [0x0000000087800000, 0x000000008c800000, 0x00000000d7d00000)
  object space 81920K, 0% used [0x0000000087800000,0x0000000087800000,0x000000008c800000)
 PSPermGen       total 21504K, used 7295K [0x0000000082600000, 0x0000000083b00000, 0x0000000087800000)
  object space 21504K, 33% used [0x0000000082600000,0x0000000082d1fde0,0x0000000083b00000)
Event: 6.208 GC heap after
Heap after GC invocations=2 (full 0):
 PSYoungGen      total 36352K, used 1408K [0x00000000d7d00000, 0x00000000da580000, 0x0000000100000000)
  eden space 31232K, 0% used [0x00000000d7d00000,0x00000000d7d00000,0x00000000d9b80000)
  from space 5120K, 27% used [0x00000000da080000,0x00000000da1e0000,0x00000000da580000)
  to   space 5120K, 0% used [0x00000000d9b80000,0x00000000d9b80000,0x00000000da080000)
 ParOldGen       total 81920K, used 8K [0x0000000087800000, 0x000000008c800000, 0x00000000d7d00000)
  object space 81920K, 0% used [0x0000000087800000,0x0000000087802000,0x000000008c800000)
 PSPermGen       total 21504K, used 7295K [0x0000000082600000, 0x0000000083b00000, 0x0000000087800000)
  object space 21504K, 33% used [0x0000000082600000,0x0000000082d1fde0,0x0000000083b00000)
}
Event: 15.852 GC heap before
{Heap before GC invocations=3 (full 0):
 PSYoungGen      total 36352K, used 32640K [0x00000000d7d00000, 0x00000000da580000, 0x0000000100000000)
  eden space 31232K, 100% used [0x00000000d7d00000,0x00000000d9b80000,0x00000000d9b80000)
  from space 5120K, 27% used [0x00000000da080000,0x00000000da1e0000,0x00000000da580000)
  to   space 5120K, 0% used [0x00000000d9b80000,0x00000000d9b80000,0x00000000da080000)
 ParOldGen       total 81920K, used 8K [0x0000000087800000, 0x000000008c800000, 0x00000000d7d00000)
  object space 81920K, 0% used [0x0000000087800000,0x0000000087802000,0x000000008c800000)
 PSPermGen       total 21504K, used 7339K [0x0000000082600000, 0x0000000083b00000, 0x0000000087800000)
  object space 21504K, 34% used [0x0000000082600000,0x0000000082d2afd0,0x0000000083b00000)
Event: 15.855 GC heap after
Heap after GC invocations=3 (full 0):
 PSYoungGen      total 36352K, used 1312K [0x00000000d7d00000, 0x00000000da580000, 0x0000000100000000)
  eden space 31232K, 0% used [0x00000000d7d00000,0x00000000d7d00000,0x00000000d9b80000)
  from space 5120K, 25% used [0x00000000d9b80000,0x00000000d9cc8000,0x00000000da080000)
  to   space 5120K, 0% used [0x00000000da080000,0x00000000da080000,0x00000000da580000)
 ParOldGen       total 81920K, used 16K [0x0000000087800000, 0x000000008c800000, 0x00000000d7d00000)
  object space 81920K, 0% used [0x0000000087800000,0x0000000087804000,0x000000008c800000)
 PSPermGen       total 21504K, used 7339K [0x0000000082600000, 0x0000000083b00000, 0x0000000087800000)
  object space 21504K, 34% used [0x0000000082600000,0x0000000082d2afd0,0x0000000083b00000)
}
Event: 25.611 GC heap before
{Heap before GC invocations=4 (full 0):
 PSYoungGen      total 36352K, used 32544K [0x00000000d7d00000, 0x00000000da580000, 0x0000000100000000)
  eden space 31232K, 100% used [0x00000000d7d00000,0x00000000d9b80000,0x00000000d9b80000)
  from space 5120K, 25% used [0x00000000d9b80000,0x00000000d9cc8000,0x00000000da080000)
  to   space 5120K, 0% used [0x00000000da080000,0x00000000da080000,0x00000000da580000)
 ParOldGen       total 81920K, used 16K [0x0000000087800000, 0x000000008c800000, 0x00000000d7d00000)
  object space 81920K, 0% used [0x0000000087800000,0x0000000087804000,0x000000008c800000)
 PSPermGen       total 21504K, used 7392K [0x0000000082600000, 0x0000000083b00000, 0x0000000087800000)
  object space 21504K, 34% used [0x0000000082600000,0x0000000082d38190,0x0000000083b00000)
Event: 25.615 GC heap after
Heap after GC invocations=4 (full 0):
 PSYoungGen      total 36352K, used 1296K [0x00000000d7d00000, 0x00000000da580000, 0x0000000100000000)
  eden space 31232K, 0% used [0x00000000d7d00000,0x00000000d7d00000,0x00000000d9b80000)
  from space 5120K, 25% used [0x00000000da080000,0x00000000da1c4010,0x00000000da580000)
  to   space 5120K, 0% used [0x00000000d9b80000,0x00000000d9b80000,0x00000000da080000)
 ParOldGen       total 81920K, used 24K [0x0000000087800000, 0x000000008c800000, 0x00000000d7d00000)
  object space 81920K, 0% used [0x0000000087800000,0x0000000087806000,0x000000008c800000)
 PSPermGen       total 21504K, used 7392K [0x0000000082600000, 0x0000000083b00000, 0x0000000087800000)
  object space 21504K, 34% used [0x0000000082600000,0x0000000082d38190,0x0000000083b00000)
}
Event: 35.353 GC heap before
{Heap before GC invocations=5 (full 0):
 PSYoungGen      total 36352K, used 32528K [0x00000000d7d00000, 0x00000000da580000, 0x0000000100000000)
  eden space 31232K, 100% used [0x00000000d7d00000,0x00000000d9b80000,0x00000000d9b80000)
  from space 5120K, 25% used [0x00000000da080000,0x00000000da1c4010,0x00000000da580000)
  to   space 5120K, 0% used [0x00000000d9b80000,0x00000000d9b80000,0x00000000da080000)
 ParOldGen       total 81920K, used 24K [0x0000000087800000, 0x000000008c800000, 0x00000000d7d00000)
  object space 81920K, 0% used [0x0000000087800000,0x0000000087806000,0x000000008c800000)
 PSPermGen       total 21504K, used 7401K [0x0000000082600000, 0x0000000083b00000, 0x0000000087800000)
  object space 21504K, 34% used [0x0000000082600000,0x0000000082d3a600,0x0000000083b00000)
Event: 35.363 GC heap after
Heap after GC invocations=5 (full 0):
 PSYoungGen      total 32256K, used 1312K [0x00000000d7d00000, 0x00000000da100000, 0x0000000100000000)
  eden space 30720K, 0% used [0x00000000d7d00000,0x00000000d7d00000,0x00000000d9b00000)
  from space 1536K, 85% used [0x00000000d9b80000,0x00000000d9cc8000,0x00000000d9d00000)
  to   space 2048K, 0% used [0x00000000d9f00000,0x00000000d9f00000,0x00000000da100000)
 ParOldGen       total 81920K, used 32K [0x0000000087800000, 0x000000008c800000, 0x00000000d7d00000)
  object space 81920K, 0% used [0x0000000087800000,0x0000000087808000,0x000000008c800000)
 PSPermGen       total 21504K, used 7401K [0x0000000082600000, 0x0000000083b00000, 0x0000000087800000)
  object space 21504K, 34% used [0x0000000082600000,0x0000000082d3a600,0x0000000083b00000)
}
Event: 45.217 GC heap before
{Heap before GC invocations=6 (full 0):
 PSYoungGen      total 32256K, used 32032K [0x00000000d7d00000, 0x00000000da100000, 0x0000000100000000)
  eden space 30720K, 100% used [0x00000000d7d00000,0x00000000d9b00000,0x00000000d9b00000)
  from space 1536K, 85% used [0x00000000d9b80000,0x00000000d9cc8000,0x00000000d9d00000)
  to   space 2048K, 0% used [0x00000000d9f00000,0x00000000d9f00000,0x00000000da100000)
 ParOldGen       total 81920K, used 32K [0x0000000087800000, 0x000000008c800000, 0x00000000d7d00000)
  object space 81920K, 0% used [0x0000000087800000,0x0000000087808000,0x000000008c800000)
 PSPermGen       total 21504K, used 7406K [0x0000000082600000, 0x0000000083b00000, 0x0000000087800000)
  object space 21504K, 34% used [0x0000000082600000,0x0000000082d3bab0,0x0000000083b00000)
Event: 45.220 GC heap after
Heap after GC invocations=6 (full 0):
 PSYoungGen      total 31744K, used 1344K [0x00000000d7d00000, 0x00000000da080000, 0x0000000100000000)
  eden space 30208K, 0% used [0x00000000d7d00000,0x00000000d7d00000,0x00000000d9a80000)
  from space 1536K, 87% used [0x00000000d9f00000,0x00000000da050020,0x00000000da080000)
  to   space 2048K, 0% used [0x00000000d9c80000,0x00000000d9c80000,0x00000000d9e80000)
 ParOldGen       total 81920K, used 40K [0x0000000087800000, 0x000000008c800000, 0x00000000d7d00000)
  object space 81920K, 0% used [0x0000000087800000,0x000000008780a000,0x000000008c800000)
 PSPermGen       total 21504K, used 7406K [0x0000000082600000, 0x0000000083b00000, 0x0000000087800000)
  object space 21504K, 34% used [0x0000000082600000,0x0000000082d3bab0,0x0000000083b00000)
}

